Using pre-set license
Built from '2020.2/staging' branch; Version is '2020.2.7f1 (c53830e277f1) revision 12924976'; Using compiler version '192528614'; Build Type 'Release'
OS: 'Windows 10 Pro; OS build 19041.1165; Version 2004; 64bit' Language: 'en' Physical Memory: 7891 MB
BatchMode: 1, IsHumanControllingUs: 0, StartBugReporterOnCrash: 0, Is64bit: 1, IsPro: 0

 COMMAND LINE ARGUMENTS:
D:\Program Files\Unity\2020.2.7f1\Editor\Unity.exe
-adb2
-batchMode
-noUpm
-name
AssetImportWorker0
-projectPath
D:/GitHub/MonBat_Game
-logFile
Logs/AssetImportWorker0.log
-srvPort
63854
Successfully changed project path to: D:/GitHub/MonBat_Game
D:/GitHub/MonBat_Game
Using Asset Import Pipeline V2.
Refreshing native plugins compatible for Editor in 62.50 ms, found 3 plugins.
Preloading 0 native plugins for Editor in 0.00 ms.
Initialize engine version: 2020.2.7f1 (c53830e277f1)
[Subsystems] Discovering subsystems at path D:/Program Files/Unity/2020.2.7f1/Editor/Data/Resources/UnitySubsystems
[Subsystems] Discovering subsystems at path D:/GitHub/MonBat_Game/Assets
GfxDevice: creating device client; threaded=0
Direct3D:
    Version:  Direct3D 11.0 [level 11.1]
    Renderer: NVIDIA GeForce GTX 960 (ID=0x1401)
    Vendor:   
    VRAM:     2007 MB
    Driver:   27.21.14.6079
Initialize mono
Mono path[0] = 'D:/Program Files/Unity/2020.2.7f1/Editor/Data/Managed'
Mono path[1] = 'D:/Program Files/Unity/2020.2.7f1/Editor/Data/MonoBleedingEdge/lib/mono/unityjit'
Mono config path = 'D:/Program Files/Unity/2020.2.7f1/Editor/Data/MonoBleedingEdge/etc'
Using monoOptions --debugger-agent=transport=dt_socket,embedding=1,server=y,suspend=n,address=127.0.0.1:56932
Begin MonoManager ReloadAssembly
Registering precompiled unity dll's ...
Register platform support module: D:/Program Files/Unity/2020.2.7f1/Editor/Data/PlaybackEngines/WindowsStandaloneSupport/UnityEditor.WindowsStandalone.Extensions.dll
Registered in 0.001641 seconds.
Native extension for WindowsStandalone target not found
Refreshing native plugins compatible for Editor in 50.19 ms, found 3 plugins.
Preloading 0 native plugins for Editor in 0.00 ms.
Invoked RoslynAnalysisRunner static constructor.
RoslynAnalysisRunner will not be running.
RoslynAnalysisRunner has terminated.
Mono: successfully reloaded assembly
- Completed reload, in  1.205 seconds
Platform modules already initialized, skipping
Registering precompiled user dll's ...
Registered in 0.001568 seconds.
Begin MonoManager ReloadAssembly
Native extension for WindowsStandalone target not found
Refreshing native plugins compatible for Editor in 0.51 ms, found 3 plugins.
Preloading 0 native plugins for Editor in 0.00 ms.
Invoked RoslynAnalysisRunner static constructor.
RoslynAnalysisRunner will not be running.
RoslynAnalysisRunner has terminated.
Mono: successfully reloaded assembly
- Completed reload, in  1.359 seconds
Platform modules already initialized, skipping
========================================================================
Worker process is ready to serve import requests
Launched and connected shader compiler UnityShaderCompiler.exe after 0.19 seconds
Refreshing native plugins compatible for Editor in 1.96 ms, found 3 plugins.
Preloading 0 native plugins for Editor in 0.00 ms.
Unloading 1985 Unused Serialized files (Serialized files now loaded: 0)
System memory in use before: 89.7 MB.
System memory in use after: 89.8 MB.

Unloading 17 unused Assets to reduce memory usage. Loaded Objects now: 2432.
Total: 2.628200 ms (FindLiveObjects: 0.253800 ms CreateObjectMapping: 0.184900 ms MarkObjects: 2.092700 ms  DeleteObjects: 0.095300 ms)

========================================================================
Received Import Request.
  path: Assets/speaktre3.fbx
  artifactKey: Guid(eed57d86dab643f4f8d1a0a34252e845) Importer(815301076,1909f56bfc062723c751e8b465ee728b)
Start importing Assets/speaktre3.fbx using Guid(eed57d86dab643f4f8d1a0a34252e845) Importer(815301076,1909f56bfc062723c751e8b465ee728b)  -> (artifact id: '3843854d7323bfe095e45fdd30dbcf5a') in 0.624768 seconds
  Import took 0.652514 seconds .

========================================================================
Received Import Request.
  Time since last request: 20.843516 seconds.
  path: Assets/Models/Monsters/Speaktre
  artifactKey: Guid(73af6d379bf193745877e47f55bfd9db) Importer(815301076,1909f56bfc062723c751e8b465ee728b)
Start importing Assets/Models/Monsters/Speaktre using Guid(73af6d379bf193745877e47f55bfd9db) Importer(815301076,1909f56bfc062723c751e8b465ee728b)  -> (artifact id: '8a2cb7021b4f75d526aeec51704877ce') in 0.010771 seconds
  Import took 0.026155 seconds .

========================================================================
Received Import Request.
  Time since last request: 13.533133 seconds.
  path: Assets/SpeaktreTexNew.png
  artifactKey: Guid(5743bf2ffb3f5784fb28d14b9213ed81) Importer(815301076,1909f56bfc062723c751e8b465ee728b)
Start importing Assets/SpeaktreTexNew.png using Guid(5743bf2ffb3f5784fb28d14b9213ed81) Importer(815301076,1909f56bfc062723c751e8b465ee728b)  -> (artifact id: '7b5ad3924c5f14741d00392fd16f47d4') in 0.069968 seconds
  Import took 0.100457 seconds .

========================================================================
Received Import Request.
  Time since last request: 16.529376 seconds.
  path: Assets/Models/Monsters/Speaktre/SpeaktreTexNew.png
  artifactKey: Guid(5743bf2ffb3f5784fb28d14b9213ed81) Importer(815301076,1909f56bfc062723c751e8b465ee728b)
Start importing Assets/Models/Monsters/Speaktre/SpeaktreTexNew.png using Guid(5743bf2ffb3f5784fb28d14b9213ed81) Importer(815301076,1909f56bfc062723c751e8b465ee728b)  -> (artifact id: 'b7289afda96982f8cf58050b271a1437') in 0.022655 seconds
  Import took 0.041660 seconds .

========================================================================
Received Import Request.
  Time since last request: 57.549172 seconds.
  path: Assets/psx-vertexlit-cutoff.shader
  artifactKey: Guid(a0915518183386c44869c5b1057dd521) Importer(815301076,1909f56bfc062723c751e8b465ee728b)
Start importing Assets/psx-vertexlit-cutoff.shader using Guid(a0915518183386c44869c5b1057dd521) Importer(815301076,1909f56bfc062723c751e8b465ee728b)  -> (artifact id: 'd0e7f193f9803f7c79f26a4ea27fec0a') in 0.012079 seconds
  Import took 0.029029 seconds .

========================================================================
Received Import Request.
  Time since last request: 0.018906 seconds.
  path: Assets/psx-vertexlit-cutoff.shader
  artifactKey: Guid(a0915518183386c44869c5b1057dd521) Importer(815301076,1909f56bfc062723c751e8b465ee728b)
Start importing Assets/psx-vertexlit-cutoff.shader using Guid(a0915518183386c44869c5b1057dd521) Importer(815301076,1909f56bfc062723c751e8b465ee728b)  -> (artifact id: 'd0e7f193f9803f7c79f26a4ea27fec0a') in 0.006789 seconds
  Import took 0.011376 seconds .

========================================================================
Received Import Request.
  Time since last request: 13.188245 seconds.
  path: Assets/Models/Monsters/Speaktre/New Material.mat
  artifactKey: Guid(4a75ddfdd8f4de44489eaf0ebf06fd10) Importer(815301076,1909f56bfc062723c751e8b465ee728b)
Start importing Assets/Models/Monsters/Speaktre/New Material.mat using Guid(4a75ddfdd8f4de44489eaf0ebf06fd10) Importer(815301076,1909f56bfc062723c751e8b465ee728b)  -> (artifact id: '698190e86b53b5bdf0852c2f3c6b78ed') in 0.037725 seconds
  Import took 0.068338 seconds .

========================================================================
Received Import Request.
  Time since last request: 66.913009 seconds.
  path: Assets/MonsterPrefabs
  artifactKey: Guid(0d33c6ee0e825074fbb598fecee37b73) Importer(815301076,1909f56bfc062723c751e8b465ee728b)
Start importing Assets/MonsterPrefabs using Guid(0d33c6ee0e825074fbb598fecee37b73) Importer(815301076,1909f56bfc062723c751e8b465ee728b)  -> (artifact id: '2a805cb6a3ba8f6b6124b193fea07605') in 0.009817 seconds
  Import took 0.031147 seconds .

========================================================================
Received Import Request.
  Time since last request: 4.672473 seconds.
  path: Assets/MonsterPrefabs/Speaktre
  artifactKey: Guid(c651b59bdbaef1f42be009c19413caad) Importer(815301076,1909f56bfc062723c751e8b465ee728b)
Start importing Assets/MonsterPrefabs/Speaktre using Guid(c651b59bdbaef1f42be009c19413caad) Importer(815301076,1909f56bfc062723c751e8b465ee728b)  -> (artifact id: '96d2870ee325737cf660d4a4451eacda') in 0.006565 seconds
  Import took 0.014547 seconds .

========================================================================
Received Import Request.
  Time since last request: 6.242349 seconds.
  path: Assets/MonsterPrefabs/Speaktre/speaktre3.prefab
  artifactKey: Guid(79c1e6648f38066489021a281d9dbca6) Importer(815301076,1909f56bfc062723c751e8b465ee728b)
Start importing Assets/MonsterPrefabs/Speaktre/speaktre3.prefab using Guid(79c1e6648f38066489021a281d9dbca6) Importer(815301076,1909f56bfc062723c751e8b465ee728b)  -> (artifact id: '649291e784d091222192505ed56fd388') in 0.023340 seconds
  Import took 0.032290 seconds .

========================================================================
Received Import Request.
  Time since last request: 12.312948 seconds.
  path: Assets/MonsterPrefabs/Speaktre/Speaktre.prefab
  artifactKey: Guid(79c1e6648f38066489021a281d9dbca6) Importer(815301076,1909f56bfc062723c751e8b465ee728b)
Start importing Assets/MonsterPrefabs/Speaktre/Speaktre.prefab using Guid(79c1e6648f38066489021a281d9dbca6) Importer(815301076,1909f56bfc062723c751e8b465ee728b)  -> (artifact id: '3d232d2e041bd509afb764a8a0158521') in 0.017571 seconds
  Import took 0.028612 seconds .

========================================================================
Received Import Request.
  Time since last request: 4.775718 seconds.
  path: Assets/MonsterPrefabs/Boximon_Water/Boximon Cyclopes.prefab
  artifactKey: Guid(84493eaa65d75074ca2c6e2d8a90ff9a) Importer(815301076,1909f56bfc062723c751e8b465ee728b)
Start importing Assets/MonsterPrefabs/Boximon_Water/Boximon Cyclopes.prefab using Guid(84493eaa65d75074ca2c6e2d8a90ff9a) Importer(815301076,1909f56bfc062723c751e8b465ee728b)  -> (artifact id: '813e1cb0f5f34acd1a8096ba942948ce') in 0.226710 seconds
  Import took 0.250968 seconds .

========================================================================
Received Import Request.
  Time since last request: 30.141409 seconds.
  path: Assets/MonsterPrefabs/Speaktre/Speaktre.prefab
  artifactKey: Guid(79c1e6648f38066489021a281d9dbca6) Importer(815301076,1909f56bfc062723c751e8b465ee728b)
Start importing Assets/MonsterPrefabs/Speaktre/Speaktre.prefab using Guid(79c1e6648f38066489021a281d9dbca6) Importer(815301076,1909f56bfc062723c751e8b465ee728b)  -> (artifact id: '888cbd651864970dbc49383bc3df8a8c') in 0.030027 seconds
  Import took 0.042242 seconds .

========================================================================
Received Import Request.
  Time since last request: 2.035496 seconds.
  path: Assets/MonsterPrefabs/Speaktre/Speaktre.prefab
  artifactKey: Guid(79c1e6648f38066489021a281d9dbca6) Importer(815301076,1909f56bfc062723c751e8b465ee728b)
Start importing Assets/MonsterPrefabs/Speaktre/Speaktre.prefab using Guid(79c1e6648f38066489021a281d9dbca6) Importer(815301076,1909f56bfc062723c751e8b465ee728b)  -> (artifact id: '2b11d44907fa210f8b499a5c2091edd1') in 0.030969 seconds
  Import took 0.038172 seconds .

========================================================================
Received Import Request.
  Time since last request: 1.549360 seconds.
  path: Assets/Models/Monsters/Meshtint Free Boximon Cyclopes Mega Toon Series/Boximon Animations/Boximon Main Rig.FBX
  artifactKey: Guid(ab49f3cef633f1d4c84f8c46ec6c0b74) Importer(815301076,1909f56bfc062723c751e8b465ee728b)
Start importing Assets/Models/Monsters/Meshtint Free Boximon Cyclopes Mega Toon Series/Boximon Animations/Boximon Main Rig.FBX using Guid(ab49f3cef633f1d4c84f8c46ec6c0b74) Importer(815301076,1909f56bfc062723c751e8b465ee728b)  -> (artifact id: '73da174a734fab84f4dee017d29013e4') in 0.027447 seconds
  Import took 0.066814 seconds .

========================================================================
Received Import Request.
  Time since last request: 0.000304 seconds.
  path: Assets/Models/Monsters/Meshtint Free Boximon Cyclopes Mega Toon Series/Boximon Animations/Boximon@Die.FBX
  artifactKey: Guid(3014723763036b442b52f60b16e2aa31) Importer(815301076,1909f56bfc062723c751e8b465ee728b)
Start importing Assets/Models/Monsters/Meshtint Free Boximon Cyclopes Mega Toon Series/Boximon Animations/Boximon@Die.FBX using Guid(3014723763036b442b52f60b16e2aa31) Importer(815301076,1909f56bfc062723c751e8b465ee728b)  -> (artifact id: '48ad3d021b5991c44124251e2f42e4cd') in 0.018007 seconds
  Import took 0.030906 seconds .

========================================================================
Received Import Request.
  Time since last request: 0.000534 seconds.
  path: Assets/Models/Monsters/Meshtint Free Boximon Cyclopes Mega Toon Series/Boximon Animations/Boximon@Idle.FBX
  artifactKey: Guid(4cad842dbf772894698e9a0bbaf5acef) Importer(815301076,1909f56bfc062723c751e8b465ee728b)
Start importing Assets/Models/Monsters/Meshtint Free Boximon Cyclopes Mega Toon Series/Boximon Animations/Boximon@Idle.FBX using Guid(4cad842dbf772894698e9a0bbaf5acef) Importer(815301076,1909f56bfc062723c751e8b465ee728b)  -> (artifact id: 'c6990bf6f8795448e4e4b9cf434d3183') in 0.019693 seconds
  Import took 0.034701 seconds .

========================================================================
Received Import Request.
  Time since last request: 0.000220 seconds.
  path: Assets/Models/Monsters/Meshtint Free Boximon Cyclopes Mega Toon Series/Boximon Animations/Boximon@Run In Place.FBX
  artifactKey: Guid(0a026a54761c6204b960b910343af0b3) Importer(815301076,1909f56bfc062723c751e8b465ee728b)
Start importing Assets/Models/Monsters/Meshtint Free Boximon Cyclopes Mega Toon Series/Boximon Animations/Boximon@Run In Place.FBX using Guid(0a026a54761c6204b960b910343af0b3) Importer(815301076,1909f56bfc062723c751e8b465ee728b)  -> (artifact id: '2b09eaaf5218498ced41356fcaf23bfe') in 0.018853 seconds
  Import took 0.024865 seconds .

========================================================================
Received Import Request.
  Time since last request: 0.000223 seconds.
  path: Assets/Models/Monsters/Meshtint Free Boximon Cyclopes Mega Toon Series/Boximon Animations/Boximon@Idle.FBX
  artifactKey: Guid(4cad842dbf772894698e9a0bbaf5acef) Importer(815301076,1909f56bfc062723c751e8b465ee728b)
Start importing Assets/Models/Monsters/Meshtint Free Boximon Cyclopes Mega Toon Series/Boximon Animations/Boximon@Idle.FBX using Guid(4cad842dbf772894698e9a0bbaf5acef) Importer(815301076,1909f56bfc062723c751e8b465ee728b)  -> (artifact id: 'c6990bf6f8795448e4e4b9cf434d3183') in 0.015426 seconds
  Import took 0.020123 seconds .

========================================================================
Received Import Request.
  Time since last request: 0.000083 seconds.
  path: Assets/Models/Monsters/Meshtint Free Boximon Cyclopes Mega Toon Series/Boximon Animations/Boximon@Walk W Root.FBX
  artifactKey: Guid(b016c47471710bb4896910cfd5674a8f) Importer(815301076,1909f56bfc062723c751e8b465ee728b)
Start importing Assets/Models/Monsters/Meshtint Free Boximon Cyclopes Mega Toon Series/Boximon Animations/Boximon@Walk W Root.FBX using Guid(b016c47471710bb4896910cfd5674a8f) Importer(815301076,1909f56bfc062723c751e8b465ee728b)  -> (artifact id: '77af7ebdbc80aaf5eca8c7764c2ce702') in 0.019582 seconds
  Import took 0.029032 seconds .

========================================================================
Received Import Request.
  Time since last request: 0.000287 seconds.
  path: Assets/Models/Monsters/Meshtint Free Boximon Cyclopes Mega Toon Series/Boximon Animations/Boximon@Run W Root.FBX
  artifactKey: Guid(b061ae134f6f1184eafbd5a4797f1571) Importer(815301076,1909f56bfc062723c751e8b465ee728b)
Start importing Assets/Models/Monsters/Meshtint Free Boximon Cyclopes Mega Toon Series/Boximon Animations/Boximon@Run W Root.FBX using Guid(b061ae134f6f1184eafbd5a4797f1571) Importer(815301076,1909f56bfc062723c751e8b465ee728b)  -> (artifact id: '6f12bd08b8e7c0f1e1ba35d2f14ab784') in 0.017779 seconds
  Import took 0.024179 seconds .

========================================================================
Received Import Request.
  Time since last request: 0.000400 seconds.
  path: Assets/Models/Monsters/Meshtint Free Boximon Cyclopes Mega Toon Series/Boximon Animations/Boximon Main Rig.FBX
  artifactKey: Guid(ab49f3cef633f1d4c84f8c46ec6c0b74) Importer(815301076,1909f56bfc062723c751e8b465ee728b)
Start importing Assets/Models/Monsters/Meshtint Free Boximon Cyclopes Mega Toon Series/Boximon Animations/Boximon Main Rig.FBX using Guid(ab49f3cef633f1d4c84f8c46ec6c0b74) Importer(815301076,1909f56bfc062723c751e8b465ee728b)  -> (artifact id: '73da174a734fab84f4dee017d29013e4') in 0.014707 seconds
  Import took 0.020329 seconds .

========================================================================
Received Import Request.
  Time since last request: 0.000212 seconds.
  path: Assets/Models/Monsters/Meshtint Free Boximon Cyclopes Mega Toon Series/Boximon Animations/Boximon@Take Damage.FBX
  artifactKey: Guid(18abc2beedf0b4a499d3f8f43782198e) Importer(815301076,1909f56bfc062723c751e8b465ee728b)
Start importing Assets/Models/Monsters/Meshtint Free Boximon Cyclopes Mega Toon Series/Boximon Animations/Boximon@Take Damage.FBX using Guid(18abc2beedf0b4a499d3f8f43782198e) Importer(815301076,1909f56bfc062723c751e8b465ee728b)  -> (artifact id: '46858719374d53f0c59a4fba3ce6574e') in 0.025333 seconds
  Import took 0.031836 seconds .

========================================================================
Received Import Request.
  Time since last request: 0.000241 seconds.
  path: Assets/Models/Monsters/Meshtint Free Boximon Cyclopes Mega Toon Series/Boximon Animations/Boximon@Jump W Root.FBX
  artifactKey: Guid(ff0e4d52b383a234ba466e17fa99c433) Importer(815301076,1909f56bfc062723c751e8b465ee728b)
Start importing Assets/Models/Monsters/Meshtint Free Boximon Cyclopes Mega Toon Series/Boximon Animations/Boximon@Jump W Root.FBX using Guid(ff0e4d52b383a234ba466e17fa99c433) Importer(815301076,1909f56bfc062723c751e8b465ee728b)  -> (artifact id: 'b65e15ea0263d2c99cc3678f7dcf8102') in 0.026373 seconds
  Import took 0.036297 seconds .

========================================================================
Received Import Request.
  Time since last request: 0.000221 seconds.
  path: Assets/Models/Monsters/Meshtint Free Boximon Cyclopes Mega Toon Series/Boximon Animations/Boximon@Walk In Place.FBX
  artifactKey: Guid(29aefb5f354ef414099d5d72f4702cf7) Importer(815301076,1909f56bfc062723c751e8b465ee728b)
Start importing Assets/Models/Monsters/Meshtint Free Boximon Cyclopes Mega Toon Series/Boximon Animations/Boximon@Walk In Place.FBX using Guid(29aefb5f354ef414099d5d72f4702cf7) Importer(815301076,1909f56bfc062723c751e8b465ee728b)  -> (artifact id: 'b284bf6be37deb2a6ce82aeb34ea99b7') in 0.026660 seconds
  Import took 0.032206 seconds .

========================================================================
Received Import Request.
  Time since last request: 2.179566 seconds.
  path: Assets/Models/Monsters/Meshtint Free Boximon Cyclopes Mega Toon Series/Boximon Animations/Boximon.controller
  artifactKey: Guid(cad4cd74f41924a4bbcbe916d2f9cb9b) Importer(815301076,1909f56bfc062723c751e8b465ee728b)
Start importing Assets/Models/Monsters/Meshtint Free Boximon Cyclopes Mega Toon Series/Boximon Animations/Boximon.controller using Guid(cad4cd74f41924a4bbcbe916d2f9cb9b) Importer(815301076,1909f56bfc062723c751e8b465ee728b)  -> (artifact id: 'c34d0a9dcd1ea70340994e1413c8dcc5') in 0.061509 seconds
  Import took 0.091004 seconds .

========================================================================
Received Import Request.
  Time since last request: 333.979985 seconds.
  path: Assets/Models/Monsters/Speaktre/speaktre3.fbx
  artifactKey: Guid(eed57d86dab643f4f8d1a0a34252e845) Importer(815301076,1909f56bfc062723c751e8b465ee728b)
Start importing Assets/Models/Monsters/Speaktre/speaktre3.fbx using Guid(eed57d86dab643f4f8d1a0a34252e845) Importer(815301076,1909f56bfc062723c751e8b465ee728b)  -> (artifact id: '754570a975f99bd83f89477029593463') in 0.259034 seconds
  Import took 0.310656 seconds .

========================================================================
Received Import Request.
  Time since last request: 16.563061 seconds.
  path: Assets/Models/Monsters/Speaktre/speaktre3.fbx
  artifactKey: Guid(eed57d86dab643f4f8d1a0a34252e845) Importer(815301076,1909f56bfc062723c751e8b465ee728b)
Start importing Assets/Models/Monsters/Speaktre/speaktre3.fbx using Guid(eed57d86dab643f4f8d1a0a34252e845) Importer(815301076,1909f56bfc062723c751e8b465ee728b)  -> (artifact id: '7382108b8c7e6441624aa99f1249b957') in 0.174255 seconds
  Import took 0.193137 seconds .

========================================================================
Received Import Request.
  Time since last request: 49.576785 seconds.
  path: Assets/Models/Monsters/Meshtint Free Boximon Cyclopes Mega Toon Series/Boximon Animations/Boximon Demo.controller
  artifactKey: Guid(0b51ddc8bc6b72e469c3f170c96dbf77) Importer(815301076,1909f56bfc062723c751e8b465ee728b)
Start importing Assets/Models/Monsters/Meshtint Free Boximon Cyclopes Mega Toon Series/Boximon Animations/Boximon Demo.controller using Guid(0b51ddc8bc6b72e469c3f170c96dbf77) Importer(815301076,1909f56bfc062723c751e8b465ee728b)  -> (artifact id: '906797eeb54cb8953ee661cedb51f246') in 0.024452 seconds
  Import took 0.084987 seconds .

========================================================================
Received Import Request.
  Time since last request: 11.893256 seconds.
  path: Assets/Models/Monsters/Meshtint Free Boximon Cyclopes Mega Toon Series/Boximon Animations/Boximon 1.controller
  artifactKey: Guid(c3340dc6858ab90499785c2ed7619363) Importer(815301076,1909f56bfc062723c751e8b465ee728b)
Start importing Assets/Models/Monsters/Meshtint Free Boximon Cyclopes Mega Toon Series/Boximon Animations/Boximon 1.controller using Guid(c3340dc6858ab90499785c2ed7619363) Importer(815301076,1909f56bfc062723c751e8b465ee728b)  -> (artifact id: '91e0ddb8972bcfc5eb78f848d33b6249') in 0.239321 seconds
  Import took 0.258433 seconds .

========================================================================
Received Import Request.
  Time since last request: 7.728511 seconds.
  path: Assets/Models/Monsters/Meshtint Free Boximon Cyclopes Mega Toon Series/Boximon Animations/Speaktre.controller
  artifactKey: Guid(c3340dc6858ab90499785c2ed7619363) Importer(815301076,1909f56bfc062723c751e8b465ee728b)
Start importing Assets/Models/Monsters/Meshtint Free Boximon Cyclopes Mega Toon Series/Boximon Animations/Speaktre.controller using Guid(c3340dc6858ab90499785c2ed7619363) Importer(815301076,1909f56bfc062723c751e8b465ee728b)  -> (artifact id: '6c26ad8196d95a17393e6376439385b8') in 0.012447 seconds
  Import took 0.018763 seconds .

========================================================================
Received Import Request.
  Time since last request: 0.000987 seconds.
  path: Assets/Models/Monsters/Meshtint Free Boximon Cyclopes Mega Toon Series/Boximon Animations/Speaktre.controller
  artifactKey: Guid(c3340dc6858ab90499785c2ed7619363) Importer(815301076,1909f56bfc062723c751e8b465ee728b)
Start importing Assets/Models/Monsters/Meshtint Free Boximon Cyclopes Mega Toon Series/Boximon Animations/Speaktre.controller using Guid(c3340dc6858ab90499785c2ed7619363) Importer(815301076,1909f56bfc062723c751e8b465ee728b)  -> (artifact id: '6c26ad8196d95a17393e6376439385b8') in 0.015666 seconds
  Import took 0.025365 seconds .

========================================================================
Received Import Request.
  Time since last request: 4.884638 seconds.
  path: Assets/Models/Monsters/Speaktre/New Material.mat
  artifactKey: Guid(4a75ddfdd8f4de44489eaf0ebf06fd10) Importer(815301076,1909f56bfc062723c751e8b465ee728b)
Start importing Assets/Models/Monsters/Speaktre/New Material.mat using Guid(4a75ddfdd8f4de44489eaf0ebf06fd10) Importer(815301076,1909f56bfc062723c751e8b465ee728b)  -> (artifact id: '0212734220925c51b769183163d3aabd') in 0.016303 seconds
  Import took 0.022582 seconds .

========================================================================
Received Import Request.
  Time since last request: 38.420846 seconds.
  path: Assets/Models/Monsters/Speaktre/Materials/SpeaktreTexNew.mat
  artifactKey: Guid(3e376f62eefa6254da83280b89c02f12) Importer(815301076,1909f56bfc062723c751e8b465ee728b)
Start importing Assets/Models/Monsters/Speaktre/Materials/SpeaktreTexNew.mat using Guid(3e376f62eefa6254da83280b89c02f12) Importer(815301076,1909f56bfc062723c751e8b465ee728b)  -> (artifact id: 'b6f2ae27126373cc967caa3ae63531a4') in 0.015225 seconds
  Import took 0.020156 seconds .

========================================================================
Received Prepare
Registering precompiled user dll's ...
Registered in 0.001406 seconds.
Begin MonoManager ReloadAssembly
Native extension for WindowsStandalone target not found
Refreshing native plugins compatible for Editor in 0.51 ms, found 3 plugins.
Preloading 0 native plugins for Editor in 0.00 ms.
Invoked RoslynAnalysisRunner static constructor.
RoslynAnalysisRunner will not be running.
RoslynAnalysisRunner has terminated.
Mono: successfully reloaded assembly
- Completed reload, in  2.960 seconds
Platform modules already initialized, skipping
Refreshing native plugins compatible for Editor in 1.18 ms, found 3 plugins.
Preloading 0 native plugins for Editor in 0.00 ms.
Unloading 1931 Unused Serialized files (Serialized files now loaded: 0)
System memory in use before: 104.6 MB.
System memory in use after: 104.7 MB.

Unloading 12 unused Assets to reduce memory usage. Loaded Objects now: 2482.
Total: 14.785600 ms (FindLiveObjects: 0.953900 ms CreateObjectMapping: 0.410000 ms MarkObjects: 13.397400 ms  DeleteObjects: 0.022300 ms)

========================================================================
Received Prepare
Registering precompiled user dll's ...
Registered in 0.001545 seconds.
Begin MonoManager ReloadAssembly
Native extension for WindowsStandalone target not found
Refreshing native plugins compatible for Editor in 0.51 ms, found 3 plugins.
Preloading 0 native plugins for Editor in 0.00 ms.
Invoked RoslynAnalysisRunner static constructor.
RoslynAnalysisRunner will not be running.
RoslynAnalysisRunner has terminated.
Mono: successfully reloaded assembly
- Completed reload, in  1.095 seconds
Platform modules already initialized, skipping
Refreshing native plugins compatible for Editor in 0.47 ms, found 3 plugins.
Preloading 0 native plugins for Editor in 0.00 ms.
Unloading 1929 Unused Serialized files (Serialized files now loaded: 0)
System memory in use before: 104.5 MB.
System memory in use after: 104.6 MB.

Unloading 12 unused Assets to reduce memory usage. Loaded Objects now: 2485.
Total: 4.735100 ms (FindLiveObjects: 0.327800 ms CreateObjectMapping: 0.125600 ms MarkObjects: 4.110200 ms  DeleteObjects: 0.169300 ms)

========================================================================
Received Prepare
Registering precompiled user dll's ...
Registered in 0.001493 seconds.
Begin MonoManager ReloadAssembly
Native extension for WindowsStandalone target not found
Refreshing native plugins compatible for Editor in 0.55 ms, found 3 plugins.
Preloading 0 native plugins for Editor in 0.00 ms.
Invoked RoslynAnalysisRunner static constructor.
RoslynAnalysisRunner will not be running.
RoslynAnalysisRunner has terminated.
Mono: successfully reloaded assembly
- Completed reload, in  1.690 seconds
Platform modules already initialized, skipping
Refreshing native plugins compatible for Editor in 1.97 ms, found 3 plugins.
Preloading 0 native plugins for Editor in 0.00 ms.
Unloading 1929 Unused Serialized files (Serialized files now loaded: 0)
System memory in use before: 104.5 MB.
System memory in use after: 104.6 MB.

Unloading 12 unused Assets to reduce memory usage. Loaded Objects now: 2488.
Total: 3.513200 ms (FindLiveObjects: 0.248900 ms CreateObjectMapping: 0.093500 ms MarkObjects: 3.144900 ms  DeleteObjects: 0.024600 ms)

========================================================================
Received Prepare
Registering precompiled user dll's ...
Registered in 0.001235 seconds.
Begin MonoManager ReloadAssembly
Native extension for WindowsStandalone target not found
Refreshing native plugins compatible for Editor in 0.42 ms, found 3 plugins.
Preloading 0 native plugins for Editor in 0.00 ms.
Invoked RoslynAnalysisRunner static constructor.
RoslynAnalysisRunner will not be running.
RoslynAnalysisRunner has terminated.
Mono: successfully reloaded assembly
- Completed reload, in  2.150 seconds
Platform modules already initialized, skipping
Refreshing native plugins compatible for Editor in 0.98 ms, found 3 plugins.
Preloading 0 native plugins for Editor in 0.00 ms.
Unloading 1929 Unused Serialized files (Serialized files now loaded: 0)
System memory in use before: 104.5 MB.
System memory in use after: 104.6 MB.

Unloading 12 unused Assets to reduce memory usage. Loaded Objects now: 2491.
Total: 5.144700 ms (FindLiveObjects: 0.361400 ms CreateObjectMapping: 0.303400 ms MarkObjects: 4.458400 ms  DeleteObjects: 0.020000 ms)

========================================================================
Received Import Request.
  Time since last request: 380.671744 seconds.
  path: Assets/MonsterPrefabs/Speaktre/speaktre3.prefab
  artifactKey: Guid(cfac947737db9b6459ac538200dd70c9) Importer(815301076,1909f56bfc062723c751e8b465ee728b)
Start importing Assets/MonsterPrefabs/Speaktre/speaktre3.prefab using Guid(cfac947737db9b6459ac538200dd70c9) Importer(815301076,1909f56bfc062723c751e8b465ee728b)  -> (artifact id: 'd5ae2f336d7db51b6cf8082a20458783') in 0.094454 seconds
  Import took 0.113216 seconds .

========================================================================
Received Prepare
Registering precompiled user dll's ...
Registered in 0.001360 seconds.
Begin MonoManager ReloadAssembly
Native extension for WindowsStandalone target not found
Refreshing native plugins compatible for Editor in 0.81 ms, found 3 plugins.
Preloading 0 native plugins for Editor in 0.00 ms.
Invoked RoslynAnalysisRunner static constructor.
RoslynAnalysisRunner will not be running.
RoslynAnalysisRunner has terminated.
Mono: successfully reloaded assembly
- Completed reload, in  2.084 seconds
Platform modules already initialized, skipping
Refreshing native plugins compatible for Editor in 0.75 ms, found 3 plugins.
Preloading 0 native plugins for Editor in 0.00 ms.
Unloading 1929 Unused Serialized files (Serialized files now loaded: 0)
System memory in use before: 104.5 MB.
System memory in use after: 104.7 MB.

Unloading 12 unused Assets to reduce memory usage. Loaded Objects now: 2495.
Total: 4.971500 ms (FindLiveObjects: 0.268200 ms CreateObjectMapping: 0.109100 ms MarkObjects: 4.562000 ms  DeleteObjects: 0.030200 ms)

========================================================================
Received Import Request.
  Time since last request: 31.094096 seconds.
  path: Assets/MonsterPrefabs/Speaktre/speaktre3.prefab
  artifactKey: Guid(cfac947737db9b6459ac538200dd70c9) Importer(815301076,1909f56bfc062723c751e8b465ee728b)
Start importing Assets/MonsterPrefabs/Speaktre/speaktre3.prefab using Guid(cfac947737db9b6459ac538200dd70c9) Importer(815301076,1909f56bfc062723c751e8b465ee728b)  -> (artifact id: 'a4dde92fa0af356076d0a649a534325e') in 0.149167 seconds
  Import took 0.170989 seconds .

========================================================================
Received Import Request.
  Time since last request: 0.001609 seconds.
  path: Assets/MonsterPrefabs/Speaktre/speaktre3.prefab
  artifactKey: Guid(cfac947737db9b6459ac538200dd70c9) Importer(815301076,1909f56bfc062723c751e8b465ee728b)
Start importing Assets/MonsterPrefabs/Speaktre/speaktre3.prefab using Guid(cfac947737db9b6459ac538200dd70c9) Importer(815301076,1909f56bfc062723c751e8b465ee728b)  -> (artifact id: 'a4dde92fa0af356076d0a649a534325e') in 0.033014 seconds
  Import took 0.047595 seconds .

========================================================================
Received Prepare
Registering precompiled user dll's ...
Registered in 0.004838 seconds.
Begin MonoManager ReloadAssembly
Native extension for WindowsStandalone target not found
Refreshing native plugins compatible for Editor in 0.58 ms, found 3 plugins.
Preloading 0 native plugins for Editor in 0.00 ms.
Invoked RoslynAnalysisRunner static constructor.
RoslynAnalysisRunner will not be running.
RoslynAnalysisRunner has terminated.
Mono: successfully reloaded assembly
- Completed reload, in  1.692 seconds
Platform modules already initialized, skipping
Refreshing native plugins compatible for Editor in 0.42 ms, found 3 plugins.
Preloading 0 native plugins for Editor in 0.00 ms.
Unloading 1929 Unused Serialized files (Serialized files now loaded: 0)
System memory in use before: 104.6 MB.
System memory in use after: 104.7 MB.

Unloading 12 unused Assets to reduce memory usage. Loaded Objects now: 2499.
Total: 3.923800 ms (FindLiveObjects: 0.428800 ms CreateObjectMapping: 0.114800 ms MarkObjects: 3.346200 ms  DeleteObjects: 0.031900 ms)

========================================================================
Received Prepare
Registering precompiled user dll's ...
Registered in 0.015476 seconds.
Begin MonoManager ReloadAssembly
Native extension for WindowsStandalone target not found
Refreshing native plugins compatible for Editor in 0.53 ms, found 3 plugins.
Preloading 0 native plugins for Editor in 0.00 ms.
Invoked RoslynAnalysisRunner static constructor.
RoslynAnalysisRunner will not be running.
RoslynAnalysisRunner has terminated.
Mono: successfully reloaded assembly
- Completed reload, in  1.747 seconds
Platform modules already initialized, skipping
Refreshing native plugins compatible for Editor in 0.43 ms, found 3 plugins.
Preloading 0 native plugins for Editor in 0.00 ms.
Unloading 1929 Unused Serialized files (Serialized files now loaded: 0)
System memory in use before: 104.6 MB.
System memory in use after: 104.7 MB.

Unloading 12 unused Assets to reduce memory usage. Loaded Objects now: 2502.
Total: 3.649500 ms (FindLiveObjects: 0.308300 ms CreateObjectMapping: 0.095700 ms MarkObjects: 3.218300 ms  DeleteObjects: 0.025600 ms)

========================================================================
Received Import Request.
  Time since last request: 72.161215 seconds.
  path: Assets/Models/Monsters/Speaktre/speaktre3.fbx
  artifactKey: Guid(eed57d86dab643f4f8d1a0a34252e845) Importer(815301076,1909f56bfc062723c751e8b465ee728b)
Start importing Assets/Models/Monsters/Speaktre/speaktre3.fbx using Guid(eed57d86dab643f4f8d1a0a34252e845) Importer(815301076,1909f56bfc062723c751e8b465ee728b)  -> (artifact id: '2b5e163925da9f3ae2db4873fa3d28c9') in 0.241092 seconds
  Import took 0.248762 seconds .

========================================================================
Received Import Request.
  Time since last request: 8.461988 seconds.
  path: Assets/Models/Monsters/Speaktre/speaktre3.fbx
  artifactKey: Guid(eed57d86dab643f4f8d1a0a34252e845) Importer(815301076,1909f56bfc062723c751e8b465ee728b)
Start importing Assets/Models/Monsters/Speaktre/speaktre3.fbx using Guid(eed57d86dab643f4f8d1a0a34252e845) Importer(815301076,1909f56bfc062723c751e8b465ee728b)  -> (artifact id: 'fd90f21c5e93451be67afad82fd8159d') in 0.109514 seconds
  Import took 0.119337 seconds .

========================================================================
Received Import Request.
  Time since last request: 8.722269 seconds.
  path: Assets/Models/Monsters/Speaktre/speaktre3.fbx
  artifactKey: Guid(eed57d86dab643f4f8d1a0a34252e845) Importer(815301076,1909f56bfc062723c751e8b465ee728b)
Start importing Assets/Models/Monsters/Speaktre/speaktre3.fbx using Guid(eed57d86dab643f4f8d1a0a34252e845) Importer(815301076,1909f56bfc062723c751e8b465ee728b)  -> (artifact id: '41ef8234e0d2962b44b7f775a03ef3fd') in 0.122364 seconds
  Import took 0.134538 seconds .

========================================================================
Received Import Request.
  Time since last request: 16.947758 seconds.
  path: Assets/Models/Monsters/Speaktre/speaktre3.fbx
  artifactKey: Guid(eed57d86dab643f4f8d1a0a34252e845) Importer(815301076,1909f56bfc062723c751e8b465ee728b)
Start importing Assets/Models/Monsters/Speaktre/speaktre3.fbx using Guid(eed57d86dab643f4f8d1a0a34252e845) Importer(815301076,1909f56bfc062723c751e8b465ee728b)  -> (artifact id: 'f36b5718da5b6d5798fd6956d2633d81') in 0.122505 seconds
  Import took 0.149444 seconds .

========================================================================
Received Import Request.
  Time since last request: 36.358204 seconds.
  path: Assets/MonsterPrefabs/Speaktre/speaktre3.prefab
  artifactKey: Guid(cfac947737db9b6459ac538200dd70c9) Importer(815301076,1909f56bfc062723c751e8b465ee728b)
Start importing Assets/MonsterPrefabs/Speaktre/speaktre3.prefab using Guid(cfac947737db9b6459ac538200dd70c9) Importer(815301076,1909f56bfc062723c751e8b465ee728b)  -> (artifact id: '0b3363cf142ec7d05e2e3e82dc9e6e6b') in 0.046964 seconds
  Import took 0.078931 seconds .

========================================================================
Received Import Request.
  Time since last request: 0.005838 seconds.
  path: Assets/MonsterPrefabs/Speaktre/speaktre3.prefab
  artifactKey: Guid(cfac947737db9b6459ac538200dd70c9) Importer(815301076,1909f56bfc062723c751e8b465ee728b)
Start importing Assets/MonsterPrefabs/Speaktre/speaktre3.prefab using Guid(cfac947737db9b6459ac538200dd70c9) Importer(815301076,1909f56bfc062723c751e8b465ee728b)  -> (artifact id: '0b3363cf142ec7d05e2e3e82dc9e6e6b') in 0.046341 seconds
  Import took 0.055508 seconds .

========================================================================
Received Prepare
Registering precompiled user dll's ...
Registered in 0.002497 seconds.
Begin MonoManager ReloadAssembly
Native extension for WindowsStandalone target not found
Refreshing native plugins compatible for Editor in 0.76 ms, found 3 plugins.
Preloading 0 native plugins for Editor in 0.00 ms.
Invoked RoslynAnalysisRunner static constructor.
RoslynAnalysisRunner will not be running.
RoslynAnalysisRunner has terminated.
Mono: successfully reloaded assembly
- Completed reload, in  1.749 seconds
Platform modules already initialized, skipping
Refreshing native plugins compatible for Editor in 0.84 ms, found 3 plugins.
Preloading 0 native plugins for Editor in 0.00 ms.
Unloading 1929 Unused Serialized files (Serialized files now loaded: 0)
System memory in use before: 104.6 MB.
System memory in use after: 104.7 MB.

Unloading 12 unused Assets to reduce memory usage. Loaded Objects now: 2506.
Total: 6.319800 ms (FindLiveObjects: 2.585800 ms CreateObjectMapping: 0.615100 ms MarkObjects: 3.097000 ms  DeleteObjects: 0.020000 ms)

========================================================================
Received Prepare
Registering precompiled user dll's ...
Registered in 0.001550 seconds.
Begin MonoManager ReloadAssembly
Native extension for WindowsStandalone target not found
Refreshing native plugins compatible for Editor in 0.51 ms, found 3 plugins.
Preloading 0 native plugins for Editor in 0.00 ms.
Invoked RoslynAnalysisRunner static constructor.
RoslynAnalysisRunner will not be running.
RoslynAnalysisRunner has terminated.
Mono: successfully reloaded assembly
- Completed reload, in  1.835 seconds
Platform modules already initialized, skipping
Refreshing native plugins compatible for Editor in 0.43 ms, found 3 plugins.
Preloading 0 native plugins for Editor in 0.00 ms.
Unloading 1929 Unused Serialized files (Serialized files now loaded: 0)
System memory in use before: 104.6 MB.
System memory in use after: 104.8 MB.

Unloading 12 unused Assets to reduce memory usage. Loaded Objects now: 2509.
Total: 5.173000 ms (FindLiveObjects: 0.687200 ms CreateObjectMapping: 0.858800 ms MarkObjects: 3.605100 ms  DeleteObjects: 0.020500 ms)

========================================================================
Received Prepare
Registering precompiled user dll's ...
Registered in 0.001510 seconds.
Begin MonoManager ReloadAssembly
Native extension for WindowsStandalone target not found
Refreshing native plugins compatible for Editor in 0.38 ms, found 3 plugins.
Preloading 0 native plugins for Editor in 0.00 ms.
Invoked RoslynAnalysisRunner static constructor.
RoslynAnalysisRunner will not be running.
RoslynAnalysisRunner has terminated.
Mono: successfully reloaded assembly
- Completed reload, in  0.975 seconds
Platform modules already initialized, skipping
Refreshing native plugins compatible for Editor in 0.42 ms, found 3 plugins.
Preloading 0 native plugins for Editor in 0.00 ms.
Unloading 1929 Unused Serialized files (Serialized files now loaded: 0)
System memory in use before: 104.7 MB.
System memory in use after: 104.8 MB.

Unloading 12 unused Assets to reduce memory usage. Loaded Objects now: 2512.
Total: 2.743000 ms (FindLiveObjects: 0.242700 ms CreateObjectMapping: 0.093900 ms MarkObjects: 2.383600 ms  DeleteObjects: 0.021400 ms)

========================================================================
Received Import Request.
  Time since last request: 350.159127 seconds.
  path: Assets/Models/Monsters/Speaktre/speaktre3.fbx
  artifactKey: Guid(eed57d86dab643f4f8d1a0a34252e845) Importer(815301076,1909f56bfc062723c751e8b465ee728b)
Start importing Assets/Models/Monsters/Speaktre/speaktre3.fbx using Guid(eed57d86dab643f4f8d1a0a34252e845) Importer(815301076,1909f56bfc062723c751e8b465ee728b)  -> (artifact id: '27e807016959036d7d5d6dfc883d3ccd') in 0.207674 seconds
  Import took 0.220079 seconds .

========================================================================
Received Prepare
Registering precompiled user dll's ...
Registered in 0.001720 seconds.
Begin MonoManager ReloadAssembly
Native extension for WindowsStandalone target not found
Refreshing native plugins compatible for Editor in 0.56 ms, found 3 plugins.
Preloading 0 native plugins for Editor in 0.00 ms.
Invoked RoslynAnalysisRunner static constructor.
RoslynAnalysisRunner will not be running.
RoslynAnalysisRunner has terminated.
Mono: successfully reloaded assembly
- Completed reload, in  0.996 seconds
Platform modules already initialized, skipping
Refreshing native plugins compatible for Editor in 0.77 ms, found 3 plugins.
Preloading 0 native plugins for Editor in 0.00 ms.
Unloading 1929 Unused Serialized files (Serialized files now loaded: 0)
System memory in use before: 104.7 MB.
System memory in use after: 104.8 MB.

Unloading 12 unused Assets to reduce memory usage. Loaded Objects now: 2516.
Total: 2.309700 ms (FindLiveObjects: 0.240000 ms CreateObjectMapping: 0.093000 ms MarkObjects: 1.948900 ms  DeleteObjects: 0.026700 ms)

========================================================================
Received Import Request.
  Time since last request: 308.687292 seconds.
  path: Assets/MonsterPrefabs/Speaktre/Idle.anim
  artifactKey: Guid(be6b1099148d9d54092c17fe4db62280) Importer(815301076,1909f56bfc062723c751e8b465ee728b)
Start importing Assets/MonsterPrefabs/Speaktre/Idle.anim using Guid(be6b1099148d9d54092c17fe4db62280) Importer(815301076,1909f56bfc062723c751e8b465ee728b)  -> (artifact id: '0e8dc8266aebce0cf62d4ac77db9bcdf') in 0.036640 seconds
  Import took 0.055915 seconds .

========================================================================
Received Import Request.
  Time since last request: 43.859506 seconds.
  path: Assets/Models/Monsters/Speaktre/Speaktre_Idle.anim
  artifactKey: Guid(be6b1099148d9d54092c17fe4db62280) Importer(815301076,1909f56bfc062723c751e8b465ee728b)
Start importing Assets/Models/Monsters/Speaktre/Speaktre_Idle.anim using Guid(be6b1099148d9d54092c17fe4db62280) Importer(815301076,1909f56bfc062723c751e8b465ee728b)  -> (artifact id: '671644f41448d94114fd628403a98e27') in 0.012784 seconds
  Import took 0.039685 seconds .

========================================================================
Received Prepare
Registering precompiled user dll's ...
Registered in 0.001195 seconds.
Begin MonoManager ReloadAssembly
Native extension for WindowsStandalone target not found
Refreshing native plugins compatible for Editor in 0.38 ms, found 3 plugins.
Preloading 0 native plugins for Editor in 0.00 ms.
Invoked RoslynAnalysisRunner static constructor.
RoslynAnalysisRunner will not be running.
RoslynAnalysisRunner has terminated.
Mono: successfully reloaded assembly
- Completed reload, in  1.034 seconds
Platform modules already initialized, skipping
Refreshing native plugins compatible for Editor in 0.62 ms, found 3 plugins.
Preloading 0 native plugins for Editor in 0.00 ms.
Unloading 1929 Unused Serialized files (Serialized files now loaded: 0)
System memory in use before: 104.7 MB.
System memory in use after: 104.8 MB.

Unloading 12 unused Assets to reduce memory usage. Loaded Objects now: 2519.
Total: 3.028600 ms (FindLiveObjects: 0.419000 ms CreateObjectMapping: 0.115300 ms MarkObjects: 2.472000 ms  DeleteObjects: 0.020900 ms)

========================================================================
Received Import Request.
  Time since last request: 252.937471 seconds.
  path: Assets/Models/Monsters/Speaktre/speaktre3.fbx
  artifactKey: Guid(eed57d86dab643f4f8d1a0a34252e845) Importer(815301076,1909f56bfc062723c751e8b465ee728b)
Start importing Assets/Models/Monsters/Speaktre/speaktre3.fbx using Guid(eed57d86dab643f4f8d1a0a34252e845) Importer(815301076,1909f56bfc062723c751e8b465ee728b)  -> (artifact id: 'f6b447122ab2b593d801e8f546bbaaff') in 0.161043 seconds
  Import took 0.170879 seconds .

========================================================================
Received Prepare
Registering precompiled user dll's ...
Registered in 0.001175 seconds.
Begin MonoManager ReloadAssembly
Native extension for WindowsStandalone target not found
Refreshing native plugins compatible for Editor in 0.37 ms, found 3 plugins.
Preloading 0 native plugins for Editor in 0.00 ms.
Invoked RoslynAnalysisRunner static constructor.
RoslynAnalysisRunner will not be running.
RoslynAnalysisRunner has terminated.
Mono: successfully reloaded assembly
- Completed reload, in  0.924 seconds
Platform modules already initialized, skipping
Refreshing native plugins compatible for Editor in 0.38 ms, found 3 plugins.
Preloading 0 native plugins for Editor in 0.00 ms.
Unloading 1929 Unused Serialized files (Serialized files now loaded: 0)
System memory in use before: 104.8 MB.
System memory in use after: 104.9 MB.

Unloading 12 unused Assets to reduce memory usage. Loaded Objects now: 2523.
Total: 2.249400 ms (FindLiveObjects: 0.256700 ms CreateObjectMapping: 0.093400 ms MarkObjects: 1.878700 ms  DeleteObjects: 0.019500 ms)

========================================================================
Received Import Request.
  Time since last request: 71.701015 seconds.
  path: Assets/MonsterPrefabs/Speaktre/speaktre3.prefab
  artifactKey: Guid(cfac947737db9b6459ac538200dd70c9) Importer(815301076,1909f56bfc062723c751e8b465ee728b)
Start importing Assets/MonsterPrefabs/Speaktre/speaktre3.prefab using Guid(cfac947737db9b6459ac538200dd70c9) Importer(815301076,1909f56bfc062723c751e8b465ee728b)  -> (artifact id: '8b3de14aecc32392202e0f797771d5d6') in 0.190837 seconds
  Import took 0.214992 seconds .

========================================================================
Received Import Request.
  Time since last request: 0.646051 seconds.
  path: Assets/MonsterPrefabs/Speaktre/speaktre3.prefab
  artifactKey: Guid(cfac947737db9b6459ac538200dd70c9) Importer(815301076,1909f56bfc062723c751e8b465ee728b)
Start importing Assets/MonsterPrefabs/Speaktre/speaktre3.prefab using Guid(cfac947737db9b6459ac538200dd70c9) Importer(815301076,1909f56bfc062723c751e8b465ee728b)  -> (artifact id: 'c271d193c2b6c674df303895bb000068') in 0.035795 seconds
  Import took 0.062766 seconds .

========================================================================
Received Import Request.
  Time since last request: 24.167306 seconds.
  path: Assets/Scriptables/Monsters/Speaktre.asset
  artifactKey: Guid(f3eaf29f3a2c26b49a5de0722101a445) Importer(815301076,1909f56bfc062723c751e8b465ee728b)
Start importing Assets/Scriptables/Monsters/Speaktre.asset using Guid(f3eaf29f3a2c26b49a5de0722101a445) Importer(815301076,1909f56bfc062723c751e8b465ee728b)  -> (artifact id: '37994a69b4757de84eb270edea13d5d2') in 0.006347 seconds
  Import took 0.011858 seconds .

========================================================================
Received Import Request.
  Time since last request: 15.322918 seconds.
  path: Assets/MonsterPrefabs/Speaktre/Speaktre.prefab
  artifactKey: Guid(cfac947737db9b6459ac538200dd70c9) Importer(815301076,1909f56bfc062723c751e8b465ee728b)
Start importing Assets/MonsterPrefabs/Speaktre/Speaktre.prefab using Guid(cfac947737db9b6459ac538200dd70c9) Importer(815301076,1909f56bfc062723c751e8b465ee728b)  -> (artifact id: '639167cf31c77abee0646913b7661cea') in 0.042849 seconds
  Import took 0.073207 seconds .

========================================================================
Received Prepare
Registering precompiled user dll's ...
Registered in 0.218376 seconds.
Begin MonoManager ReloadAssembly
Native extension for WindowsStandalone target not found
Refreshing native plugins compatible for Editor in 0.60 ms, found 3 plugins.
Preloading 0 native plugins for Editor in 0.00 ms.
Invoked RoslynAnalysisRunner static constructor.
RoslynAnalysisRunner will not be running.
RoslynAnalysisRunner has terminated.
Mono: successfully reloaded assembly
- Completed reload, in  1.914 seconds
Platform modules already initialized, skipping
Refreshing native plugins compatible for Editor in 0.70 ms, found 3 plugins.
Preloading 0 native plugins for Editor in 0.00 ms.
Unloading 1929 Unused Serialized files (Serialized files now loaded: 0)
System memory in use before: 104.8 MB.
System memory in use after: 104.9 MB.

Unloading 12 unused Assets to reduce memory usage. Loaded Objects now: 2527.
Total: 4.189700 ms (FindLiveObjects: 0.476000 ms CreateObjectMapping: 0.252500 ms MarkObjects: 3.432600 ms  DeleteObjects: 0.026100 ms)

========================================================================
Received Prepare
Registering precompiled user dll's ...
Registered in 0.001709 seconds.
Begin MonoManager ReloadAssembly
Native extension for WindowsStandalone target not found
Refreshing native plugins compatible for Editor in 0.54 ms, found 3 plugins.
Preloading 0 native plugins for Editor in 0.00 ms.
Invoked RoslynAnalysisRunner static constructor.
RoslynAnalysisRunner will not be running.
RoslynAnalysisRunner has terminated.
Mono: successfully reloaded assembly
- Completed reload, in  1.074 seconds
Platform modules already initialized, skipping
Refreshing native plugins compatible for Editor in 0.62 ms, found 3 plugins.
Preloading 0 native plugins for Editor in 0.00 ms.
Unloading 1929 Unused Serialized files (Serialized files now loaded: 0)
System memory in use before: 104.8 MB.
System memory in use after: 104.9 MB.

Unloading 12 unused Assets to reduce memory usage. Loaded Objects now: 2530.
Total: 3.330600 ms (FindLiveObjects: 0.335500 ms CreateObjectMapping: 0.127800 ms MarkObjects: 2.844400 ms  DeleteObjects: 0.020500 ms)

========================================================================
Received Prepare
Registering precompiled user dll's ...
Registered in 0.001583 seconds.
Begin MonoManager ReloadAssembly
Native extension for WindowsStandalone target not found
Refreshing native plugins compatible for Editor in 0.38 ms, found 3 plugins.
Preloading 0 native plugins for Editor in 0.00 ms.
Invoked RoslynAnalysisRunner static constructor.
RoslynAnalysisRunner will not be running.
RoslynAnalysisRunner has terminated.
Mono: successfully reloaded assembly
- Completed reload, in  1.698 seconds
Platform modules already initialized, skipping
Refreshing native plugins compatible for Editor in 0.90 ms, found 3 plugins.
Preloading 0 native plugins for Editor in 0.00 ms.
Unloading 1929 Unused Serialized files (Serialized files now loaded: 0)
System memory in use before: 104.8 MB.
System memory in use after: 104.9 MB.

Unloading 12 unused Assets to reduce memory usage. Loaded Objects now: 2533.
Total: 3.424100 ms (FindLiveObjects: 0.380900 ms CreateObjectMapping: 0.155300 ms MarkObjects: 2.864800 ms  DeleteObjects: 0.021400 ms)

========================================================================
Received Import Request.
  Time since last request: 360.739171 seconds.
  path: Assets/Scriptables/Monsters/Speaktre.asset
  artifactKey: Guid(f3eaf29f3a2c26b49a5de0722101a445) Importer(815301076,1909f56bfc062723c751e8b465ee728b)
Start importing Assets/Scriptables/Monsters/Speaktre.asset using Guid(f3eaf29f3a2c26b49a5de0722101a445) Importer(815301076,1909f56bfc062723c751e8b465ee728b)  -> (artifact id: 'e4ec66b275c9e67c957e7361487a0de4') in 0.057602 seconds
  Import took 0.068280 seconds .

========================================================================
Received Prepare
Registering precompiled user dll's ...
Registered in 0.003335 seconds.
Begin MonoManager ReloadAssembly
Native extension for WindowsStandalone target not found
Refreshing native plugins compatible for Editor in 0.72 ms, found 3 plugins.
Preloading 0 native plugins for Editor in 0.00 ms.
Invoked RoslynAnalysisRunner static constructor.
RoslynAnalysisRunner will not be running.
RoslynAnalysisRunner has terminated.
Mono: successfully reloaded assembly
- Completed reload, in  4.290 seconds
Platform modules already initialized, skipping
Refreshing native plugins compatible for Editor in 1.45 ms, found 3 plugins.
Preloading 0 native plugins for Editor in 0.00 ms.
Unloading 1929 Unused Serialized files (Serialized files now loaded: 0)
System memory in use before: 104.8 MB.
System memory in use after: 104.9 MB.

Unloading 12 unused Assets to reduce memory usage. Loaded Objects now: 2536.
Total: 4.098300 ms (FindLiveObjects: 0.765200 ms CreateObjectMapping: 0.221300 ms MarkObjects: 3.086300 ms  DeleteObjects: 0.023800 ms)

========================================================================
Received Prepare
Registering precompiled user dll's ...
Registered in 0.001741 seconds.
Begin MonoManager ReloadAssembly
Native extension for WindowsStandalone target not found
Refreshing native plugins compatible for Editor in 0.40 ms, found 3 plugins.
Preloading 0 native plugins for Editor in 0.00 ms.
Invoked RoslynAnalysisRunner static constructor.
RoslynAnalysisRunner will not be running.
RoslynAnalysisRunner has terminated.
Mono: successfully reloaded assembly
- Completed reload, in  1.466 seconds
Platform modules already initialized, skipping
Refreshing native plugins compatible for Editor in 0.45 ms, found 3 plugins.
Preloading 0 native plugins for Editor in 0.00 ms.
Unloading 1929 Unused Serialized files (Serialized files now loaded: 0)
System memory in use before: 104.8 MB.
System memory in use after: 104.9 MB.

Unloading 12 unused Assets to reduce memory usage. Loaded Objects now: 2539.
Total: 3.643700 ms (FindLiveObjects: 0.327700 ms CreateObjectMapping: 0.116900 ms MarkObjects: 3.172400 ms  DeleteObjects: 0.024900 ms)

========================================================================
Received Prepare
Registering precompiled user dll's ...
Registered in 0.003220 seconds.
Begin MonoManager ReloadAssembly
Native extension for WindowsStandalone target not found
Refreshing native plugins compatible for Editor in 2.35 ms, found 3 plugins.
Preloading 0 native plugins for Editor in 0.00 ms.
Invoked RoslynAnalysisRunner static constructor.
RoslynAnalysisRunner will not be running.
RoslynAnalysisRunner has terminated.
Mono: successfully reloaded assembly
- Completed reload, in  6.455 seconds
Platform modules already initialized, skipping
Refreshing native plugins compatible for Editor in 0.91 ms, found 3 plugins.
Preloading 0 native plugins for Editor in 0.00 ms.
Unloading 1929 Unused Serialized files (Serialized files now loaded: 0)
System memory in use before: 104.8 MB.
System memory in use after: 104.9 MB.

Unloading 12 unused Assets to reduce memory usage. Loaded Objects now: 2542.
Total: 8.889500 ms (FindLiveObjects: 4.618700 ms CreateObjectMapping: 0.296000 ms MarkObjects: 3.952600 ms  DeleteObjects: 0.020400 ms)

========================================================================
Received Import Request.
  Time since last request: 173.926631 seconds.
  path: Assets/Models/Monsters/Speaktre/Speaktre.controller
  artifactKey: Guid(c3340dc6858ab90499785c2ed7619363) Importer(815301076,1909f56bfc062723c751e8b465ee728b)
Start importing Assets/Models/Monsters/Speaktre/Speaktre.controller using Guid(c3340dc6858ab90499785c2ed7619363) Importer(815301076,1909f56bfc062723c751e8b465ee728b)  -> (artifact id: 'a8c63be1d865605467bd8a7bd667fd32') in 0.017040 seconds
  Import took 0.022220 seconds .

========================================================================
Received Import Request.
  Time since last request: 20.351085 seconds.
  path: Assets/Models/Monsters/Speaktre/Speaktre.controller
  artifactKey: Guid(c3340dc6858ab90499785c2ed7619363) Importer(815301076,1909f56bfc062723c751e8b465ee728b)
Start importing Assets/Models/Monsters/Speaktre/Speaktre.controller using Guid(c3340dc6858ab90499785c2ed7619363) Importer(815301076,1909f56bfc062723c751e8b465ee728b)  -> (artifact id: 'a5feb2a899a3c5ec9733b7ec23993ae4') in 0.008763 seconds
  Import took 0.015481 seconds .

========================================================================
Received Prepare
Registering precompiled user dll's ...
Registered in 0.005466 seconds.
Begin MonoManager ReloadAssembly
Native extension for WindowsStandalone target not found
Refreshing native plugins compatible for Editor in 0.39 ms, found 3 plugins.
Preloading 0 native plugins for Editor in 0.00 ms.
Invoked RoslynAnalysisRunner static constructor.
RoslynAnalysisRunner will not be running.
RoslynAnalysisRunner has terminated.
Mono: successfully reloaded assembly
- Completed reload, in  3.023 seconds
Platform modules already initialized, skipping
Refreshing native plugins compatible for Editor in 0.63 ms, found 3 plugins.
Preloading 0 native plugins for Editor in 0.00 ms.
Unloading 1929 Unused Serialized files (Serialized files now loaded: 0)
System memory in use before: 104.8 MB.
System memory in use after: 104.9 MB.

Unloading 12 unused Assets to reduce memory usage. Loaded Objects now: 2545.
Total: 7.744800 ms (FindLiveObjects: 3.971400 ms CreateObjectMapping: 0.626300 ms MarkObjects: 3.125900 ms  DeleteObjects: 0.019200 ms)

========================================================================
Received Import Request.
  Time since last request: 65.419644 seconds.
  path: Assets/Models/Monsters/Speaktre/speaktre3.fbx
  artifactKey: Guid(eed57d86dab643f4f8d1a0a34252e845) Importer(815301076,1909f56bfc062723c751e8b465ee728b)
Start importing Assets/Models/Monsters/Speaktre/speaktre3.fbx using Guid(eed57d86dab643f4f8d1a0a34252e845) Importer(815301076,1909f56bfc062723c751e8b465ee728b)  -> (artifact id: '68242bb6b605da1035d94c7a18fb91af') in 0.212214 seconds
  Import took 0.220841 seconds .

========================================================================
Received Prepare
Registering precompiled user dll's ...
Registered in 0.002479 seconds.
Begin MonoManager ReloadAssembly
Native extension for WindowsStandalone target not found
Refreshing native plugins compatible for Editor in 0.63 ms, found 3 plugins.
Preloading 0 native plugins for Editor in 0.00 ms.
Invoked RoslynAnalysisRunner static constructor.
RoslynAnalysisRunner will not be running.
RoslynAnalysisRunner has terminated.
Mono: successfully reloaded assembly
- Completed reload, in  1.141 seconds
Platform modules already initialized, skipping
Refreshing native plugins compatible for Editor in 0.62 ms, found 3 plugins.
Preloading 0 native plugins for Editor in 0.00 ms.
Unloading 1929 Unused Serialized files (Serialized files now loaded: 0)
System memory in use before: 104.8 MB.
System memory in use after: 105.0 MB.

Unloading 12 unused Assets to reduce memory usage. Loaded Objects now: 2549.
Total: 4.038000 ms (FindLiveObjects: 0.567000 ms CreateObjectMapping: 0.184800 ms MarkObjects: 3.265800 ms  DeleteObjects: 0.019100 ms)

========================================================================
Received Prepare
Registering precompiled user dll's ...
Registered in 0.001840 seconds.
Begin MonoManager ReloadAssembly
Native extension for WindowsStandalone target not found
Refreshing native plugins compatible for Editor in 0.37 ms, found 3 plugins.
Preloading 0 native plugins for Editor in 0.00 ms.
Invoked RoslynAnalysisRunner static constructor.
RoslynAnalysisRunner will not be running.
RoslynAnalysisRunner has terminated.
Mono: successfully reloaded assembly
- Completed reload, in  1.223 seconds
Platform modules already initialized, skipping
Refreshing native plugins compatible for Editor in 0.38 ms, found 3 plugins.
Preloading 0 native plugins for Editor in 0.00 ms.
Unloading 1929 Unused Serialized files (Serialized files now loaded: 0)
System memory in use before: 104.9 MB.
System memory in use after: 105.0 MB.

Unloading 12 unused Assets to reduce memory usage. Loaded Objects now: 2552.
Total: 2.623500 ms (FindLiveObjects: 0.341600 ms CreateObjectMapping: 0.111100 ms MarkObjects: 2.145100 ms  DeleteObjects: 0.024100 ms)

========================================================================
Received Prepare
Registering precompiled user dll's ...
Registered in 0.002201 seconds.
Begin MonoManager ReloadAssembly
Native extension for WindowsStandalone target not found
Refreshing native plugins compatible for Editor in 0.37 ms, found 3 plugins.
Preloading 0 native plugins for Editor in 0.00 ms.
Invoked RoslynAnalysisRunner static constructor.
RoslynAnalysisRunner will not be running.
RoslynAnalysisRunner has terminated.
Mono: successfully reloaded assembly
- Completed reload, in  0.948 seconds
Platform modules already initialized, skipping
Refreshing native plugins compatible for Editor in 0.95 ms, found 3 plugins.
Preloading 0 native plugins for Editor in 0.00 ms.
Unloading 1929 Unused Serialized files (Serialized files now loaded: 0)
System memory in use before: 104.9 MB.
System memory in use after: 105.0 MB.

Unloading 12 unused Assets to reduce memory usage. Loaded Objects now: 2555.
Total: 2.859200 ms (FindLiveObjects: 0.324200 ms CreateObjectMapping: 0.232300 ms MarkObjects: 2.270600 ms  DeleteObjects: 0.030600 ms)

========================================================================
Received Prepare
Registering precompiled user dll's ...
Registered in 0.001182 seconds.
Begin MonoManager ReloadAssembly
Native extension for WindowsStandalone target not found
Refreshing native plugins compatible for Editor in 0.50 ms, found 3 plugins.
Preloading 0 native plugins for Editor in 0.00 ms.
Invoked RoslynAnalysisRunner static constructor.
RoslynAnalysisRunner will not be running.
RoslynAnalysisRunner has terminated.
Mono: successfully reloaded assembly
- Completed reload, in  1.075 seconds
Platform modules already initialized, skipping
Refreshing native plugins compatible for Editor in 0.44 ms, found 3 plugins.
Preloading 0 native plugins for Editor in 0.00 ms.
Unloading 1929 Unused Serialized files (Serialized files now loaded: 0)
System memory in use before: 104.9 MB.
System memory in use after: 105.0 MB.

Unloading 12 unused Assets to reduce memory usage. Loaded Objects now: 2558.
Total: 2.809600 ms (FindLiveObjects: 0.349600 ms CreateObjectMapping: 0.144900 ms MarkObjects: 2.284100 ms  DeleteObjects: 0.029500 ms)

========================================================================
Received Import Request.
  Time since last request: 1937.747752 seconds.
  path: Assets/MonsterPrefabs/Speaktre/Speaktre.prefab
  artifactKey: Guid(cfac947737db9b6459ac538200dd70c9) Importer(815301076,1909f56bfc062723c751e8b465ee728b)
Start importing Assets/MonsterPrefabs/Speaktre/Speaktre.prefab using Guid(cfac947737db9b6459ac538200dd70c9) Importer(815301076,1909f56bfc062723c751e8b465ee728b)  -> (artifact id: 'a4a22d42a4dcff144b31bdc4d00a1f47') in 0.192684 seconds
  Import took 0.199496 seconds .

========================================================================
Received Import Request.
  Time since last request: 45.296974 seconds.
  path: Assets/MonsterPrefabs/Speaktre/Speaktre.prefab
  artifactKey: Guid(cfac947737db9b6459ac538200dd70c9) Importer(815301076,1909f56bfc062723c751e8b465ee728b)
Start importing Assets/MonsterPrefabs/Speaktre/Speaktre.prefab using Guid(cfac947737db9b6459ac538200dd70c9) Importer(815301076,1909f56bfc062723c751e8b465ee728b)  -> (artifact id: '1e1bf78e65b8f62d9bafd2c4b31c4fef') in 0.071211 seconds
  Import took 0.080955 seconds .

========================================================================
Received Prepare
Registering precompiled user dll's ...
Registered in 0.002298 seconds.
Begin MonoManager ReloadAssembly
Native extension for WindowsStandalone target not found
Refreshing native plugins compatible for Editor in 0.37 ms, found 3 plugins.
Preloading 0 native plugins for Editor in 0.00 ms.
Invoked RoslynAnalysisRunner static constructor.
RoslynAnalysisRunner will not be running.
RoslynAnalysisRunner has terminated.
Mono: successfully reloaded assembly
- Completed reload, in  2.865 seconds
Platform modules already initialized, skipping
Refreshing native plugins compatible for Editor in 1.28 ms, found 3 plugins.
Preloading 0 native plugins for Editor in 0.00 ms.
Unloading 1929 Unused Serialized files (Serialized files now loaded: 0)
System memory in use before: 104.9 MB.
System memory in use after: 105.0 MB.

Unloading 12 unused Assets to reduce memory usage. Loaded Objects now: 2562.
Total: 7.037500 ms (FindLiveObjects: 0.361500 ms CreateObjectMapping: 0.158000 ms MarkObjects: 6.490700 ms  DeleteObjects: 0.026100 ms)

========================================================================
Received Prepare
Registering precompiled user dll's ...
Registered in 0.001242 seconds.
Begin MonoManager ReloadAssembly
Native extension for WindowsStandalone target not found
Refreshing native plugins compatible for Editor in 0.36 ms, found 3 plugins.
Preloading 0 native plugins for Editor in 0.00 ms.
Invoked RoslynAnalysisRunner static constructor.
RoslynAnalysisRunner will not be running.
RoslynAnalysisRunner has terminated.
Mono: successfully reloaded assembly
- Completed reload, in  0.884 seconds
Platform modules already initialized, skipping
Refreshing native plugins compatible for Editor in 0.77 ms, found 3 plugins.
Preloading 0 native plugins for Editor in 0.00 ms.
Unloading 1929 Unused Serialized files (Serialized files now loaded: 0)
System memory in use before: 104.9 MB.
System memory in use after: 105.0 MB.

Unloading 12 unused Assets to reduce memory usage. Loaded Objects now: 2565.
Total: 2.199700 ms (FindLiveObjects: 0.201500 ms CreateObjectMapping: 0.075900 ms MarkObjects: 1.902500 ms  DeleteObjects: 0.018500 ms)

========================================================================
Received Prepare
Registering precompiled user dll's ...
Registered in 0.001375 seconds.
Begin MonoManager ReloadAssembly
Native extension for WindowsStandalone target not found
Refreshing native plugins compatible for Editor in 0.44 ms, found 3 plugins.
Preloading 0 native plugins for Editor in 0.00 ms.
Invoked RoslynAnalysisRunner static constructor.
RoslynAnalysisRunner will not be running.
RoslynAnalysisRunner has terminated.
Mono: successfully reloaded assembly
- Completed reload, in  1.202 seconds
Platform modules already initialized, skipping
Refreshing native plugins compatible for Editor in 0.47 ms, found 3 plugins.
Preloading 0 native plugins for Editor in 0.00 ms.
Unloading 1929 Unused Serialized files (Serialized files now loaded: 0)
System memory in use before: 104.9 MB.
System memory in use after: 105.0 MB.

Unloading 12 unused Assets to reduce memory usage. Loaded Objects now: 2568.
Total: 5.334600 ms (FindLiveObjects: 0.566600 ms CreateObjectMapping: 0.202700 ms MarkObjects: 4.503700 ms  DeleteObjects: 0.059300 ms)

AssetImportWorkerClient::OnTransportError - code=2 error=End of file
